<?xml version="1.0" encoding="UTF-8"?>
<testng-results skipped="0" failed="0" ignored="0" total="1" passed="1">
  <reporter-output>
  </reporter-output>
  <suite name="Default suite" duration-ms="34" started-at="2021-04-13T14:57:31 AEST" finished-at="2021-04-13T14:57:31 AEST">
    <groups>
    </groups>
    <test name="Default test" duration-ms="34" started-at="2021-04-13T14:57:31 AEST" finished-at="2021-04-13T14:57:31 AEST">
      <class name="myProject.Test1">
        <test-method status="PASS" signature="method1()[pri:0, instance:myProject.Test1@7fac631b]" name="method1" duration-ms="6" started-at="2021-04-13T14:57:31 AEST" finished-at="2021-04-13T14:57:31 AEST">
          <reporter-output>
          </reporter-output>
        </test-method> <!-- method1 -->
      </class> <!-- myProject.Test1 -->
    </test> <!-- Default test -->
  </suite> <!-- Default suite -->
</testng-results>
